<?xml version="1.0" encoding="UTF-8"?>
<!-- Generated by org.testng.reporters.JUnitReportReporter -->
<testsuite hostname="DESKTOP-PHLKVQ5" failures="0" tests="9" name="com.mini.project.Project" time="8.818" errors="0" timestamp="2023-05-15T11:23:00 IST" skipped="0">
  <testcase classname="com.mini.project.Project" name="linkText" time="3.213"/>
  <system-out/>
  <testcase classname="com.mini.project.Project" name="userName" time="0.200"/>
  <system-out/>
  <testcase classname="com.mini.project.Project" name="password" time="0.129"/>
  <system-out/>
  <testcase classname="com.mini.project.Project" name="comments" time="0.927"/>
  <system-out/>
  <testcase classname="com.mini.project.Project" name="Checkboxs" time="0.079"/>
  <system-out/>
  <testcase classname="com.mini.project.Project" name="Checkbox" time="0.149"/>
  <system-out/>
  <testcase classname="com.mini.project.Project" name="radioButtons" time="0.036"/>
  <system-out/>
  <testcase classname="com.mini.project.Project" name="radioButton" time="3.132"/>
  <system-out/>
  <testcase classname="com.mini.project.Project" name="Submit" time="0.953"/>
  <system-out/>
</testsuite> <!-- com.mini.project.Project -->
